{"name": "test_login_data_driven[Valid login-pavanol@abc.com-test@123-success]", "status": "failed", "statusDetails": {"message": "AssertionError: Locator expected to be visible\nActual value: None\nError: element(s) not found \nCall log:\n  - Expect \"to_be_visible\" with timeout 3000ms\n  - waiting for locator(\"h2:has-text(\\\"My Account\\\")\")", "trace": "page = <Page url='http://localhost/opencart/upload/index.php?route=account/login'>\ntestName = 'Valid login', email = 'pavanol@abc.com', password = 'test@123'\nexpected = 'success'\n\n    @pytest.mark.datadriven\n    @pytest.mark.parametrize(\"testName,email,password,expected\",excel_data)\n    def test_login_data_driven(page,testName,email,password,expected):\n        home_page = HomePage(page)\n        login_page = LoginPage(page)\n        my_account_page=MyAccountPage(page)\n    \n        home_page.click_my_account()\n        home_page.click_login()\n    \n        login_page.login(email,password)\n        time.sleep(3)\n    \n        if expected==\"success\":\n>           expect(my_account_page.get_my_account_page_heading()).to_be_visible(timeout=3000)\nE           AssertionError: Locator expected to be visible\nE           Actual value: None\nE           Error: element(s) not found \nE           Call log:\nE             - Expect \"to_be_visible\" with timeout 3000ms\nE             - waiting for locator(\"h2:has-text(\\\"My Account\\\")\")\n\ntests\\test_login_data_driven.py:32: AssertionError"}, "attachments": [{"name": "stdout", "source": "81e986d3-24fc-4fb8-bee1-a9135f0a89c7-attachment.txt", "type": "text/plain"}], "parameters": [{"name": "testName", "value": "'Valid login'"}, {"name": "email", "value": "'pavanol@abc.com'"}, {"name": "password", "value": "'test@123'"}, {"name": "expected", "value": "'success'"}], "start": 1769260703986, "stop": 1769260711782, "uuid": "1ecc93e2-3b92-4499-a9b0-ea6ae86a09e4", "historyId": "6fefc7e6132d698fbe93af0523de947a", "testCaseId": "e61e91c8e7cf75b1f54487af25e7b0f4", "fullName": "tests.test_login_data_driven#test_login_data_driven", "labels": [{"name": "tag", "value": "datadriven"}, {"name": "parentSuite", "value": "tests"}, {"name": "suite", "value": "test_login_data_driven"}, {"name": "host", "value": "DESKTOP-L9NJPHB"}, {"name": "thread", "value": "10232-MainThread"}, {"name": "framework", "value": "pytest"}, {"name": "language", "value": "cpython3"}, {"name": "package", "value": "tests.test_login_data_driven"}], "titlePath": ["tests", "test_login_data_driven.py"]}