{"name": "test_invalid_credentials", "status": "failed", "statusDetails": {"message": "AssertionError: Locator expected to be visible\nActual value: None\nError: element(s) not found \nCall log:\n  - Expect \"to_be_visible\" with timeout 5000ms\n  - waiting for locator(\".alert.alert-danger.alert-dismissible\")", "trace": "page = <Page url='http://localhost/opencart/upload/index.php?route=account/login'>\n\n    def test_invalid_credentials(page):\n        home_page = HomePage(page)\n        home_page.click_my_account()\n        home_page.click_login()\n        login_page = LoginPage(page)\n        login_page.set_email(Config.invalid_email)\n        login_page.set_password(Config.invalid_password)\n>       expect(login_page.get_login_error()).to_be_visible(timeout=5000)\nE       AssertionError: Locator expected to be visible\nE       Actual value: None\nE       Error: element(s) not found \nE       Call log:\nE         - Expect \"to_be_visible\" with timeout 5000ms\nE         - waiting for locator(\".alert.alert-danger.alert-dismissible\")\n\ntests\\test_login.py:49: AssertionError"}, "attachments": [{"name": "stdout", "source": "2b3e77c0-eb44-43ca-908d-ff70e2ef7efd-attachment.txt", "type": "text/plain"}], "start": 1769187153002, "stop": 1769187158801, "uuid": "18b020fd-498e-429d-b8c8-e47e5a206d25", "historyId": "326d9ace40a32cb50fcd0b9fe1379029", "testCaseId": "326d9ace40a32cb50fcd0b9fe1379029", "fullName": "tests.test_login#test_invalid_credentials", "labels": [{"name": "parentSuite", "value": "tests"}, {"name": "suite", "value": "test_login"}, {"name": "host", "value": "DESKTOP-L9NJPHB"}, {"name": "thread", "value": "9268-MainThread"}, {"name": "framework", "value": "pytest"}, {"name": "language", "value": "cpython3"}, {"name": "package", "value": "tests.test_login"}], "titlePath": ["tests", "test_login.py"]}